<?xml version="1.0" encoding="UTF-8"?>
<!-- Generated by org.testng.reporters.JUnitXMLReporter -->
<testsuite ignored="0" hostname="ARPGL002607" failures="1" tests="1" name="Test" time="0.024" errors="0" timestamp="2022-04-02T14:21:31 IST">
  <testcase classname="com.hrm.test.hrmLoginTest" name="enterCredentials" time="0.004">
    <failure type="java.lang.NullPointerException" message="Cannot invoke &amp;quot;org.openqa.selenium.WebDriver.findElement(org.openqa.selenium.By)&amp;quot; because &amp;quot;driver&amp;quot; is null">
      <![CDATA[java.lang.NullPointerException: Cannot invoke "org.openqa.selenium.WebDriver.findElement(org.openqa.selenium.By)" because "driver" is null
at com.generic.utils.ReusedFunction.sendKeysOnEle(ReusedFunction.java:18)
at com.hrm.pages.hrmLoginPage.login(hrmLoginPage.java:40)
at com.hrm.test.hrmLoginTest.enterCredentials(hrmLoginTest.java:23)
at java.base/java.util.ArrayList.forEach(ArrayList.java:1511)
... Removed 27 stack frames]]>
    </failure>
  </testcase> <!-- enterCredentials -->
</testsuite> <!-- Test -->
